<?xml version="1.0" encoding="UTF-8"?>
<!-- Generated by org.testng.reporters.JUnitReportReporter -->
<testsuite hostname="DESKTOP-NFF2US2" failures="0" tests="1" name="com.mystore.qa.testcases.VerifyOrderHistory" time="23.777" errors="0" timestamp="2020-03-30T10:25:16 IST" skipped="0">
  <testcase classname="com.mystore.qa.testcases.VerifyOrderHistory" name="checkorderhistory" time="23.777"/>
  <system-out/>
</testsuite> <!-- com.mystore.qa.testcases.VerifyOrderHistory -->
