<?xml version="1.0" encoding="UTF-8"?>
<!-- Generated by org.testng.reporters.JUnitReportReporter -->
<testsuite hostname="DESKTOP-NFF2US2" failures="0" tests="1" name="com.mystore.qa.testcases.PlaceOrderTest" time="21.595" errors="0" timestamp="2020-03-30T10:23:19 IST" skipped="0">
  <testcase classname="com.mystore.qa.testcases.PlaceOrderTest" name="placeorder" time="21.595"/>
  <system-out/>
</testsuite> <!-- com.mystore.qa.testcases.PlaceOrderTest -->
